[setup-lolfixer.exe] WeiDU version 23113
This is a non-stable version. Unless you're sure about what you're doing, consider downgrading.

Removing [Area Stuff - MAJESTIC Area Fixer] (component #0)
Will uninstall  25 files for [SETUP-LOLFIXER.TP2] component 15.
Uninstalled     25 files for [SETUP-LOLFIXER.TP2] component 15.
Will uninstall 1005 files for [SETUP-LOLFIXER.TP2] component 14.
Uninstalled    1005 files for [SETUP-LOLFIXER.TP2] component 14.
Will uninstall   0 files for [SETUP-LOLFIXER.TP2] component 13.
Uninstalled      0 files for [SETUP-LOLFIXER.TP2] component 13.
Will uninstall   0 files for [SETUP-LOLFIXER.TP2] component 12.
Uninstalled      0 files for [SETUP-LOLFIXER.TP2] component 12.
Will uninstall 2122 files for [SETUP-LOLFIXER.TP2] component 11.
Uninstalled    2122 files for [SETUP-LOLFIXER.TP2] component 11.
Will uninstall 140 files for [SETUP-LOLFIXER.TP2] component 10.
Uninstalled    140 files for [SETUP-LOLFIXER.TP2] component 10.
Will uninstall 367 files for [SETUP-LOLFIXER.TP2] component 9.
Uninstalled    367 files for [SETUP-LOLFIXER.TP2] component 9.
Will uninstall 604 files for [SETUP-LOLFIXER.TP2] component 8.
Uninstalled    604 files for [SETUP-LOLFIXER.TP2] component 8.
Will uninstall  32 files for [SETUP-LOLFIXER.TP2] component 7.
Uninstalled     32 files for [SETUP-LOLFIXER.TP2] component 7.
Will uninstall 110 files for [SETUP-LOLFIXER.TP2] component 6.
Uninstalled    110 files for [SETUP-LOLFIXER.TP2] component 6.
Will uninstall 1550 files for [SETUP-LOLFIXER.TP2] component 5.
Uninstalled    1550 files for [SETUP-LOLFIXER.TP2] component 5.
Will uninstall 653 files for [SETUP-LOLFIXER.TP2] component 4.
Uninstalled    653 files for [SETUP-LOLFIXER.TP2] component 4.
Will uninstall  60 files for [SETUP-LOLFIXER.TP2] component 3.
Uninstalled     60 files for [SETUP-LOLFIXER.TP2] component 3.
Will uninstall 315 files for [SETUP-LOLFIXER.TP2] component 2.
Uninstalled    315 files for [SETUP-LOLFIXER.TP2] component 2.
Will uninstall  10 files for [SETUP-LOLFIXER.TP2] component 1.
Uninstalled     10 files for [SETUP-LOLFIXER.TP2] component 1.
Will uninstall  42 files for [SETUP-LOLFIXER.TP2] component 0.
Uninstalled     42 files for [SETUP-LOLFIXER.TP2] component 0.


SUCCESSFULLY REMOVED [Area Stuff - MAJESTIC Area Fixer] (component #0)

Removing [Creature Stuff - Creature Resource Fixer (res_fixer for ALL CREATURES)] (component #1)


SUCCESSFULLY REMOVED [Creature Stuff - Creature Resource Fixer (res_fixer for ALL CREATURES)] (component #1)

Removing [Creature Stuff - Inventory Unborker (removes spurious references to the item table)] (component #2)


SUCCESSFULLY REMOVED [Creature Stuff - Inventory Unborker (removes spurious references to the item table)] (component #2)

Removing [Creature Stuff - Inventory Cleaner (removes items that don't exist and converts them into already present items where applicable)] (component #3)


SUCCESSFULLY REMOVED [Creature Stuff - Inventory Cleaner (removes items that don't exist and converts them into already present items where applicable)] (component #3)

Removing [Creature Stuff - Inventory Overhauler (moves invalid but equippable items to inventory and equips anything in the inventory to a free slot)] (component #4)


SUCCESSFULLY REMOVED [Creature Stuff - Inventory Overhauler (moves invalid but equippable items to inventory and equips anything in the inventory to a free slot)] (component #4)

Removing [Creature Stuff - MAJESTIC Creature Fixer] (component #5)


SUCCESSFULLY REMOVED [Creature Stuff - MAJESTIC Creature Fixer] (component #5)

Removing [Creature Stuff - Duplicate Creature Effect Remover] (component #6)


SUCCESSFULLY REMOVED [Creature Stuff - Duplicate Creature Effect Remover] (component #6)

Removing [Item Stuff - Item Resource Fixer (res_fixer for ALL ITEMS)] (component #7)


SUCCESSFULLY REMOVED [Item Stuff - Item Resource Fixer (res_fixer for ALL ITEMS)] (component #7)

Removing [Item Stuff - MAJESTIC Item Fixer] (component #8)


SUCCESSFULLY REMOVED [Item Stuff - MAJESTIC Item Fixer] (component #8)

Removing [Item Stuff - Portrait Icon Assigner] (component #9)


SUCCESSFULLY REMOVED [Item Stuff - Portrait Icon Assigner] (component #9)

Removing [Item Stuff - Proper Immunity Assigner] (component #10)


SUCCESSFULLY REMOVED [Item Stuff - Proper Immunity Assigner] (component #10)

Removing [Item Stuff - Duplicate Item Effect Remover] (component #11)


SUCCESSFULLY REMOVED [Item Stuff - Duplicate Item Effect Remover] (component #11)

Removing [Item Stuff - MAJESTIC Item Checker] (component #12)


SUCCESSFULLY REMOVED [Item Stuff - MAJESTIC Item Checker] (component #12)

Removing [Spell Stuff - Spell Resource Fixer (res_fixer for ALL THE SPELLS)] (component #13)


SUCCESSFULLY REMOVED [Spell Stuff - Spell Resource Fixer (res_fixer for ALL THE SPELLS)] (component #13)

Removing [Spell Stuff - MAJESTIC Spell Fixer] (component #14)


SUCCESSFULLY REMOVED [Spell Stuff - MAJESTIC Spell Fixer] (component #14)

Removing [Store Stuff - MAJESTIC Store Fixer] (component #15)


SUCCESSFULLY REMOVED [Store Stuff - MAJESTIC Store Fixer] (component #15)
